<?xml version="1.0" encoding="UTF-8"?>
<!-- Generated by org.testng.reporters.JUnitReportReporter -->
<testsuite hostname="ATMECSINDT-076" name="com.toolsqa.testscripts.AutomatedProductsPageFilterColorAndPrice" tests="1" failures="0" timestamp="28 Aug 2019 13:10:25 GMT" time="5.831" errors="0">
  <testcase name="productFilteringByColorAndPrice" time="5.831" classname="com.toolsqa.testscripts.AutomatedProductsPageFilterColorAndPrice"/>
</testsuite> <!-- com.toolsqa.testscripts.AutomatedProductsPageFilterColorAndPrice -->
