<?xml version="1.0" encoding="UTF-8"?>
<!-- Generated by org.testng.reporters.JUnitReportReporter -->
<testsuite hostname="ATMECSINDT-076" name="com.toolsqa.testscripts.AutomatedProductsPageFilterColor" tests="1" failures="0" timestamp="28 Aug 2019 13:10:25 GMT" time="6.281" errors="0">
  <testcase name="productFilteringByColor" time="6.281" classname="com.toolsqa.testscripts.AutomatedProductsPageFilterColor"/>
</testsuite> <!-- com.toolsqa.testscripts.AutomatedProductsPageFilterColor -->
