<?xml version="1.0" encoding="UTF-8"?>
<!-- Generated by org.testng.reporters.JUnitReportReporter -->
<testsuite hostname="ATMECSINDT-076" name="com.toolsqa.testscripts.AutomatedHomePage" tests="1" failures="0" timestamp="28 Aug 2019 13:28:23 GMT" time="2.528" errors="0">
  <testcase name="HomePageValidation" time="2.528" classname="com.toolsqa.testscripts.AutomatedHomePage"/>
</testsuite> <!-- com.toolsqa.testscripts.AutomatedHomePage -->
